{"/home/vongo/Dev/wakfu-build/server/src/app.controller.ts": {"path":"/home/vongo/Dev/wakfu-build/server/src/app.controller.ts","statementMap":{"0":{"start":{"line":1,"column":0},"end":{"line":1,"column":49}},"1":{"start":{"line":2,"column":0},"end":{"line":2,"column":43}},"2":{"start":{"line":5,"column":7},"end":{"line":12,"column":null}},"3":{"start":{"line":6,"column":31},"end":{"line":6,"column":43}},"4":{"start":{"line":10,"column":4},"end":{"line":10,"column":38}},"5":{"start":{"line":5,"column":13},"end":{"line":5,"column":26}},"6":{"start":{"line":9,"column":2},"end":{"line":11,"column":null}},"7":{"start":{"line":5,"column":13},"end":{"line":12,"column":null}}},"fnMap":{"0":{"name":"(anonymous_2)","decl":{"start":{"line":6,"column":2},"end":{"line":6,"column":31}},"loc":{"start":{"line":6,"column":53},"end":{"line":6,"column":57}}},"1":{"name":"(anonymous_3)","decl":{"start":{"line":9,"column":2},"end":{"line":9,"column":10}},"loc":{"start":{"line":9,"column":10},"end":{"line":11,"column":3}}}},"branchMap":{},"s":{"0":1,"1":1,"2":1,"3":1,"4":1,"5":1,"6":1,"7":1},"f":{"0":1,"1":1},"b":{}}
,"/home/vongo/Dev/wakfu-build/server/src/app.module.ts": {"path":"/home/vongo/Dev/wakfu-build/server/src/app.module.ts","statementMap":{"0":{"start":{"line":1,"column":0},"end":{"line":1,"column":40}},"1":{"start":{"line":2,"column":0},"end":{"line":2,"column":49}},"2":{"start":{"line":3,"column":0},"end":{"line":3,"column":43}},"3":{"start":{"line":4,"column":0},"end":{"line":4,"column":59}},"4":{"start":{"line":5,"column":0},"end":{"line":5,"column":50}},"5":{"start":{"line":6,"column":0},"end":{"line":6,"column":46}},"6":{"start":{"line":17,"column":7},"end":{"line":17,"column":null}},"7":{"start":{"line":17,"column":13},"end":{"line":17,"column":22}},"8":{"start":{"line":17,"column":13},"end":{"line":17,"column":null}}},"fnMap":{},"branchMap":{},"s":{"0":0,"1":0,"2":0,"3":0,"4":0,"5":0,"6":0,"7":0,"8":0},"f":{},"b":{}}
,"/home/vongo/Dev/wakfu-build/server/src/app.service.ts": {"path":"/home/vongo/Dev/wakfu-build/server/src/app.service.ts","statementMap":{"0":{"start":{"line":1,"column":0},"end":{"line":1,"column":44}},"1":{"start":{"line":4,"column":7},"end":{"line":8,"column":null}},"2":{"start":{"line":6,"column":4},"end":{"line":6,"column":26}},"3":{"start":{"line":4,"column":13},"end":{"line":4,"column":23}},"4":{"start":{"line":4,"column":13},"end":{"line":8,"column":null}}},"fnMap":{"0":{"name":"(anonymous_1)","decl":{"start":{"line":5,"column":2},"end":{"line":5,"column":10}},"loc":{"start":{"line":5,"column":10},"end":{"line":7,"column":3}}}},"branchMap":{},"s":{"0":1,"1":1,"2":1,"3":1,"4":1},"f":{"0":1},"b":{}}
,"/home/vongo/Dev/wakfu-build/server/src/main.ts": {"path":"/home/vongo/Dev/wakfu-build/server/src/main.ts","statementMap":{"0":{"start":{"line":1,"column":0},"end":{"line":1,"column":60}},"1":{"start":{"line":2,"column":0},"end":{"line":2,"column":41}},"2":{"start":{"line":3,"column":0},"end":{"line":3,"column":null}},"3":{"start":{"line":7,"column":0},"end":{"line":7,"column":82}},"4":{"start":{"line":8,"column":0},"end":{"line":8,"column":47}},"5":{"start":{"line":9,"column":0},"end":{"line":9,"column":83}},"6":{"start":{"line":12,"column":14},"end":{"line":14,"column":null}},"7":{"start":{"line":17,"column":2},"end":{"line":17,"column":54}},"8":{"start":{"line":19,"column":22},"end":{"line":19,"column":46}},"9":{"start":{"line":20,"column":24},"end":{"line":20,"column":46}},"10":{"start":{"line":21,"column":2},"end":{"line":21,"column":78}},"11":{"start":{"line":22,"column":2},"end":{"line":22,"column":56}},"12":{"start":{"line":24,"column":2},"end":{"line":24,"column":45}},"13":{"start":{"line":26,"column":0},"end":{"line":26,"column":12}}},"fnMap":{"0":{"name":"bootstrap","decl":{"start":{"line":11,"column":15},"end":{"line":11,"column":24}},"loc":{"start":{"line":11,"column":24},"end":{"line":25,"column":1}}}},"branchMap":{"0":{"loc":{"start":{"line":24,"column":19},"end":{"line":24,"column":43}},"type":"binary-expr","locations":[{"start":{"line":24,"column":19},"end":{"line":24,"column":35}},{"start":{"line":24,"column":39},"end":{"line":24,"column":43}}]}},"s":{"0":0,"1":0,"2":0,"3":0,"4":0,"5":0,"6":0,"7":0,"8":0,"9":0,"10":0,"11":0,"12":0,"13":0},"f":{"0":0},"b":{"0":[0,0]}}
,"/home/vongo/Dev/wakfu-build/server/src/common/decorators/pagination.decorator.ts": {"path":"/home/vongo/Dev/wakfu-build/server/src/common/decorators/pagination.decorator.ts","statementMap":{"0":{"start":{"line":1,"column":0},"end":{"line":1,"column":49}},"1":{"start":{"line":2,"column":0},"end":{"line":2,"column":43}},"2":{"start":{"line":4,"column":34},"end":{"line":39,"column":1}},"3":{"start":{"line":5,"column":2},"end":{"line":38,"column":4}},"4":{"start":{"line":4,"column":13},"end":{"line":4,"column":34}}},"fnMap":{"0":{"name":"(anonymous_0)","decl":{"start":{"line":4,"column":34},"end":{"line":4,"column":37}},"loc":{"start":{"line":4,"column":39},"end":{"line":39,"column":1}}}},"branchMap":{},"s":{"0":0,"1":0,"2":0,"3":0,"4":0},"f":{"0":0},"b":{}}
,"/home/vongo/Dev/wakfu-build/server/src/common/dto/page-options.dto.ts": {"path":"/home/vongo/Dev/wakfu-build/server/src/common/dto/page-options.dto.ts","statementMap":{"0":{"start":{"line":1,"column":0},"end":{"line":1,"column":67}},"1":{"start":{"line":20,"column":4},"end":{"line":20,"column":34}},"2":{"start":{"line":21,"column":4},"end":{"line":21,"column":35}},"3":{"start":{"line":22,"column":4},"end":{"line":22,"column":40}},"4":{"start":{"line":23,"column":4},"end":{"line":23,"column":54}},"5":{"start":{"line":25,"column":4},"end":{"line":25,"column":44}},"6":{"start":{"line":3,"column":0},"end":{"line":3,"column":13}},"7":{"start":{"line":5,"column":11},"end":{"line":5,"column":null}},"8":{"start":{"line":8,"column":11},"end":{"line":8,"column":null}},"9":{"start":{"line":11,"column":11},"end":{"line":11,"column":null}},"10":{"start":{"line":14,"column":11},"end":{"line":14,"column":null}},"11":{"start":{"line":17,"column":11},"end":{"line":17,"column":null}},"12":{"start":{"line":38,"column":4},"end":{"line":38,"column":36}},"13":{"start":{"line":39,"column":4},"end":{"line":39,"column":36}},"14":{"start":{"line":40,"column":4},"end":{"line":40,"column":31}},"15":{"start":{"line":41,"column":4},"end":{"line":41,"column":64}},"16":{"start":{"line":42,"column":4},"end":{"line":42,"column":41}},"17":{"start":{"line":43,"column":4},"end":{"line":43,"column":50}},"18":{"start":{"line":36,"column":0},"end":{"line":36,"column":13}},"19":{"start":{"line":46,"column":11},"end":{"line":46,"column":null}},"20":{"start":{"line":49,"column":11},"end":{"line":49,"column":null}},"21":{"start":{"line":52,"column":11},"end":{"line":52,"column":null}},"22":{"start":{"line":55,"column":11},"end":{"line":55,"column":null}},"23":{"start":{"line":58,"column":11},"end":{"line":58,"column":null}},"24":{"start":{"line":61,"column":11},"end":{"line":61,"column":null}}},"fnMap":{"0":{"name":"(anonymous_2)","decl":{"start":{"line":19,"column":2},"end":{"line":19,"column":14}},"loc":{"start":{"line":19,"column":46},"end":{"line":26,"column":3}}},"1":{"name":"(anonymous_3)","decl":{"start":{"line":37,"column":2},"end":{"line":37,"column":14}},"loc":{"start":{"line":37,"column":63},"end":{"line":44,"column":3}}}},"branchMap":{"0":{"loc":{"start":{"line":20,"column":16},"end":{"line":20,"column":33}},"type":"binary-expr","locations":[{"start":{"line":20,"column":16},"end":{"line":20,"column":28}},{"start":{"line":20,"column":32},"end":{"line":20,"column":33}}]},"1":{"loc":{"start":{"line":21,"column":16},"end":{"line":21,"column":34}},"type":"binary-expr","locations":[{"start":{"line":21,"column":16},"end":{"line":21,"column":28}},{"start":{"line":21,"column":32},"end":{"line":21,"column":34}}]},"2":{"loc":{"start":{"line":22,"column":17},"end":{"line":22,"column":39}},"type":"binary-expr","locations":[{"start":{"line":22,"column":17},"end":{"line":22,"column":30}},{"start":{"line":22,"column":34},"end":{"line":22,"column":39}}]},"3":{"loc":{"start":{"line":23,"column":19},"end":{"line":23,"column":53}},"type":"binary-expr","locations":[{"start":{"line":23,"column":19},"end":{"line":23,"column":34}},{"start":{"line":23,"column":38},"end":{"line":23,"column":53}}]}},"s":{"0":0,"1":0,"2":0,"3":0,"4":0,"5":0,"6":0,"7":0,"8":0,"9":0,"10":0,"11":0,"12":0,"13":0,"14":0,"15":0,"16":0,"17":0,"18":0,"19":0,"20":0,"21":0,"22":0,"23":0,"24":0},"f":{"0":0,"1":0},"b":{"0":[0,0],"1":[0,0],"2":[0,0],"3":[0,0]}}
,"/home/vongo/Dev/wakfu-build/server/src/common/filters/global-exceptions.filter.ts": {"path":"/home/vongo/Dev/wakfu-build/server/src/common/filters/global-exceptions.filter.ts","statementMap":{"0":{"start":{"line":1,"column":0},"end":{"line":1,"column":null}},"1":{"start":{"line":10,"column":0},"end":{"line":10,"column":47}},"2":{"start":{"line":11,"column":0},"end":{"line":11,"column":47}},"3":{"start":{"line":14,"column":34},"end":{"line":106,"column":null}},"4":{"start":{"line":15,"column":28},"end":{"line":15,"column":66}},"5":{"start":{"line":19,"column":21},"end":{"line":19,"column":38}},"6":{"start":{"line":20,"column":21},"end":{"line":20,"column":36}},"7":{"start":{"line":22,"column":4},"end":{"line":22,"column":77}},"8":{"start":{"line":26,"column":28},"end":{"line":26,"column":48}},"9":{"start":{"line":27,"column":16},"end":{"line":27,"column":35}},"10":{"start":{"line":28,"column":20},"end":{"line":28,"column":36}},"11":{"start":{"line":30,"column":33},"end":{"line":36,"column":6}},"12":{"start":{"line":38,"column":29},"end":{"line":50,"column":5}},"13":{"start":{"line":39,"column":6},"end":{"line":39,"column":48}},"14":{"start":{"line":39,"column":31},"end":{"line":39,"column":48}},"15":{"start":{"line":40,"column":25},"end":{"line":40,"column":49}},"16":{"start":{"line":41,"column":6},"end":{"line":41,"column":40}},"17":{"start":{"line":41,"column":23},"end":{"line":41,"column":40}},"18":{"start":{"line":43,"column":27},"end":{"line":47,"column":8}},"19":{"start":{"line":44,"column":8},"end":{"line":46,"column":10}},"20":{"start":{"line":49,"column":6},"end":{"line":49,"column":34}},"21":{"start":{"line":52,"column":24},"end":{"line":52,"column":37}},"22":{"start":{"line":53,"column":23},"end":{"line":53,"column":35}},"23":{"start":{"line":54,"column":22},"end":{"line":54,"column":36}},"24":{"start":{"line":56,"column":4},"end":{"line":85,"column":5}},"25":{"start":{"line":57,"column":32},"end":{"line":57,"column":55}},"26":{"start":{"line":58,"column":28},"end":{"line":58,"column":55}},"27":{"start":{"line":59,"column":6},"end":{"line":77,"column":8}},"28":{"start":{"line":78,"column":11},"end":{"line":85,"column":5}},"29":{"start":{"line":79,"column":28},"end":{"line":79,"column":55}},"30":{"start":{"line":80,"column":6},"end":{"line":84,"column":8}},"31":{"start":{"line":87,"column":4},"end":{"line":89,"column":5}},"32":{"start":{"line":88,"column":6},"end":{"line":88,"column":52}},"33":{"start":{"line":90,"column":4},"end":{"line":92,"column":5}},"34":{"start":{"line":91,"column":6},"end":{"line":91,"column":57}},"35":{"start":{"line":94,"column":4},"end":{"line":102,"column":7}},"36":{"start":{"line":104,"column":4},"end":{"line":104,"column":80}},"37":{"start":{"line":14,"column":13},"end":{"line":14,"column":34}},"38":{"start":{"line":14,"column":13},"end":{"line":106,"column":null}}},"fnMap":{"0":{"name":"(anonymous_2)","decl":{"start":{"line":18,"column":2},"end":{"line":18,"column":null}},"loc":{"start":{"line":20,"column":49},"end":{"line":23,"column":3}}},"1":{"name":"(anonymous_3)","decl":{"start":{"line":25,"column":2},"end":{"line":25,"column":7}},"loc":{"start":{"line":25,"column":47},"end":{"line":105,"column":3}}},"2":{"name":"(anonymous_4)","decl":{"start":{"line":38,"column":29},"end":{"line":38,"column":30}},"loc":{"start":{"line":38,"column":66},"end":{"line":50,"column":5}}},"3":{"name":"(anonymous_5)","decl":{"start":{"line":43,"column":43},"end":{"line":43,"column":44}},"loc":{"start":{"line":43,"column":59},"end":{"line":47,"column":7}}}},"branchMap":{"0":{"loc":{"start":{"line":39,"column":6},"end":{"line":39,"column":48}},"type":"if","locations":[{"start":{"line":39,"column":6},"end":{"line":39,"column":48}}]},"1":{"loc":{"start":{"line":41,"column":6},"end":{"line":41,"column":40}},"type":"if","locations":[{"start":{"line":41,"column":6},"end":{"line":41,"column":40}}]},"2":{"loc":{"start":{"line":45,"column":10},"end":{"line":45,"column":77}},"type":"binary-expr","locations":[{"start":{"line":45,"column":10},"end":{"line":45,"column":19}},{"start":{"line":45,"column":23},"end":{"line":45,"column":43}},{"start":{"line":45,"column":47},"end":{"line":45,"column":77}}]},"3":{"loc":{"start":{"line":56,"column":4},"end":{"line":85,"column":5}},"type":"if","locations":[{"start":{"line":56,"column":4},"end":{"line":85,"column":5}},{"start":{"line":78,"column":11},"end":{"line":85,"column":5}}]},"4":{"loc":{"start":{"line":63,"column":10},"end":{"line":66,"column":31}},"type":"cond-expr","locations":[{"start":{"line":65,"column":15},"end":{"line":65,"column":51}},{"start":{"line":66,"column":14},"end":{"line":66,"column":31}}]},"5":{"loc":{"start":{"line":63,"column":10},"end":{"line":64,"column":40}},"type":"binary-expr","locations":[{"start":{"line":63,"column":10},"end":{"line":63,"column":47}},{"start":{"line":64,"column":10},"end":{"line":64,"column":40}}]},"6":{"loc":{"start":{"line":68,"column":10},"end":{"line":70,"column":46}},"type":"cond-expr","locations":[{"start":{"line":69,"column":14},"end":{"line":69,"column":28}},{"start":{"line":70,"column":15},"end":{"line":70,"column":46}}]},"7":{"loc":{"start":{"line":76,"column":12},"end":{"line":76,"column":46}},"type":"binary-expr","locations":[{"start":{"line":76,"column":12},"end":{"line":76,"column":25}},{"start":{"line":76,"column":29},"end":{"line":76,"column":46}}]},"8":{"loc":{"start":{"line":78,"column":11},"end":{"line":85,"column":5}},"type":"if","locations":[{"start":{"line":78,"column":11},"end":{"line":85,"column":5}}]},"9":{"loc":{"start":{"line":83,"column":12},"end":{"line":83,"column":46}},"type":"binary-expr","locations":[{"start":{"line":83,"column":12},"end":{"line":83,"column":25}},{"start":{"line":83,"column":29},"end":{"line":83,"column":46}}]},"10":{"loc":{"start":{"line":87,"column":4},"end":{"line":89,"column":5}},"type":"if","locations":[{"start":{"line":87,"column":4},"end":{"line":89,"column":5}}]},"11":{"loc":{"start":{"line":90,"column":4},"end":{"line":92,"column":5}},"type":"if","locations":[{"start":{"line":90,"column":4},"end":{"line":92,"column":5}}]}},"s":{"0":0,"1":0,"2":0,"3":0,"4":0,"5":0,"6":0,"7":0,"8":0,"9":0,"10":0,"11":0,"12":0,"13":0,"14":0,"15":0,"16":0,"17":0,"18":0,"19":0,"20":0,"21":0,"22":0,"23":0,"24":0,"25":0,"26":0,"27":0,"28":0,"29":0,"30":0,"31":0,"32":0,"33":0,"34":0,"35":0,"36":0,"37":0,"38":0},"f":{"0":0,"1":0,"2":0,"3":0},"b":{"0":[0],"1":[0],"2":[0,0,0],"3":[0,0],"4":[0,0],"5":[0,0],"6":[0,0],"7":[0,0],"8":[0],"9":[0,0],"10":[0],"11":[0]}}
,"/home/vongo/Dev/wakfu-build/server/src/common/interceptors/transform.interceptor.ts": {"path":"/home/vongo/Dev/wakfu-build/server/src/common/interceptors/transform.interceptor.ts","statementMap":{"0":{"start":{"line":1,"column":0},"end":{"line":1,"column":null}},"1":{"start":{"line":8,"column":0},"end":{"line":8,"column":37}},"2":{"start":{"line":9,"column":0},"end":{"line":9,"column":54}},"3":{"start":{"line":13,"column":7},"end":{"line":49,"column":null}},"4":{"start":{"line":20,"column":4},"end":{"line":37,"column":6}},"5":{"start":{"line":22,"column":26},"end":{"line":22,"column":50}},"6":{"start":{"line":24,"column":8},"end":{"line":30,"column":9}},"7":{"start":{"line":25,"column":10},"end":{"line":29,"column":12}},"8":{"start":{"line":32,"column":8},"end":{"line":35,"column":10}},"9":{"start":{"line":41,"column":4},"end":{"line":47,"column":6}},"10":{"start":{"line":13,"column":13},"end":{"line":13,"column":33}},"11":{"start":{"line":13,"column":13},"end":{"line":49,"column":null}}},"fnMap":{"0":{"name":"(anonymous_1)","decl":{"start":{"line":16,"column":2},"end":{"line":16,"column":11}},"loc":{"start":{"line":18,"column":21},"end":{"line":38,"column":3}}},"1":{"name":"(anonymous_2)","decl":{"start":{"line":21,"column":10},"end":{"line":21,"column":11}},"loc":{"start":{"line":21,"column":19},"end":{"line":36,"column":7}}},"2":{"name":"(anonymous_3)","decl":{"start":{"line":40,"column":10},"end":{"line":40,"column":27}},"loc":{"start":{"line":40,"column":37},"end":{"line":48,"column":3}}}},"branchMap":{"0":{"loc":{"start":{"line":24,"column":8},"end":{"line":30,"column":9}},"type":"if","locations":[{"start":{"line":24,"column":8},"end":{"line":30,"column":9}}]},"1":{"loc":{"start":{"line":42,"column":6},"end":{"line":46,"column":25}},"type":"binary-expr","locations":[{"start":{"line":42,"column":6},"end":{"line":42,"column":19}},{"start":{"line":43,"column":6},"end":{"line":43,"column":30}},{"start":{"line":44,"column":6},"end":{"line":44,"column":23}},{"start":{"line":45,"column":6},"end":{"line":45,"column":30}},{"start":{"line":46,"column":6},"end":{"line":46,"column":25}}]}},"s":{"0":0,"1":0,"2":0,"3":0,"4":0,"5":0,"6":0,"7":0,"8":0,"9":0,"10":0,"11":0},"f":{"0":0,"1":0,"2":0},"b":{"0":[0],"1":[0,0,0,0,0]}}
,"/home/vongo/Dev/wakfu-build/server/src/common/validations/page-options.validation.ts": {"path":"/home/vongo/Dev/wakfu-build/server/src/common/validations/page-options.validation.ts","statementMap":{"0":{"start":{"line":23,"column":0},"end":{"line":23,"column":16}},"1":{"start":{"line":1,"column":0},"end":{"line":1,"column":24}},"2":{"start":{"line":2,"column":0},"end":{"line":2,"column":57}},"3":{"start":{"line":3,"column":0},"end":{"line":3,"column":46}},"4":{"start":{"line":5,"column":20},"end":{"line":11,"column":13}},"5":{"start":{"line":13,"column":13},"end":{"line":19,"column":3}},"6":{"start":{"line":26,"column":23},"end":{"line":28,"column":null}},"7":{"start":{"line":30,"column":2},"end":{"line":30,"column":42}}},"fnMap":{"0":{"name":"validatePageOptionsDto","decl":{"start":{"line":23,"column":16},"end":{"line":23,"column":38}},"loc":{"start":{"line":24,"column":30},"end":{"line":31,"column":1}}}},"branchMap":{},"s":{"0":0,"1":0,"2":0,"3":0,"4":0,"5":0,"6":0,"7":0},"f":{"0":0},"b":{}}
,"/home/vongo/Dev/wakfu-build/server/src/common/validations/validators.ts": {"path":"/home/vongo/Dev/wakfu-build/server/src/common/validations/validators.ts","statementMap":{"0":{"start":{"line":1,"column":0},"end":{"line":1,"column":53}},"1":{"start":{"line":4,"column":30},"end":{"line":12,"column":1}},"2":{"start":{"line":5,"column":2},"end":{"line":5,"column":44}},"3":{"start":{"line":5,"column":16},"end":{"line":5,"column":44}},"4":{"start":{"line":6,"column":2},"end":{"line":6,"column":44}},"5":{"start":{"line":6,"column":16},"end":{"line":6,"column":44}},"6":{"start":{"line":7,"column":17},"end":{"line":7,"column":38}},"7":{"start":{"line":8,"column":2},"end":{"line":10,"column":3}},"8":{"start":{"line":9,"column":4},"end":{"line":9,"column":55}},"9":{"start":{"line":11,"column":2},"end":{"line":11,"column":21}},"10":{"start":{"line":4,"column":13},"end":{"line":4,"column":30}}},"fnMap":{"0":{"name":"(anonymous_0)","decl":{"start":{"line":4,"column":30},"end":{"line":4,"column":34}},"loc":{"start":{"line":4,"column":68},"end":{"line":12,"column":1}}}},"branchMap":{"0":{"loc":{"start":{"line":5,"column":2},"end":{"line":5,"column":44}},"type":"if","locations":[{"start":{"line":5,"column":2},"end":{"line":5,"column":44}}]},"1":{"loc":{"start":{"line":6,"column":2},"end":{"line":6,"column":44}},"type":"if","locations":[{"start":{"line":6,"column":2},"end":{"line":6,"column":44}}]},"2":{"loc":{"start":{"line":8,"column":2},"end":{"line":10,"column":3}},"type":"if","locations":[{"start":{"line":8,"column":2},"end":{"line":10,"column":3}}]}},"s":{"0":0,"1":0,"2":0,"3":0,"4":0,"5":0,"6":0,"7":0,"8":0,"9":0,"10":0},"f":{"0":0},"b":{"0":[0],"1":[0],"2":[0]}}
,"/home/vongo/Dev/wakfu-build/server/src/modules/items/items.controller.ts": {"path":"/home/vongo/Dev/wakfu-build/server/src/modules/items/items.controller.ts","statementMap":{"0":{"start":{"line":1,"column":0},"end":{"line":1,"column":null}},"1":{"start":{"line":13,"column":0},"end":{"line":13,"column":47}},"2":{"start":{"line":14,"column":0},"end":{"line":14,"column":54}},"3":{"start":{"line":15,"column":0},"end":{"line":15,"column":54}},"4":{"start":{"line":16,"column":0},"end":{"line":16,"column":70}},"5":{"start":{"line":17,"column":0},"end":{"line":17,"column":80}},"6":{"start":{"line":18,"column":0},"end":{"line":18,"column":58}},"7":{"start":{"line":20,"column":0},"end":{"line":20,"column":65}},"8":{"start":{"line":23,"column":7},"end":{"line":83,"column":null}},"9":{"start":{"line":24,"column":31},"end":{"line":24,"column":45}},"10":{"start":{"line":28,"column":4},"end":{"line":28,"column":71}},"11":{"start":{"line":57,"column":16},"end":{"line":61,"column":6}},"12":{"start":{"line":62,"column":35},"end":{"line":64,"column":null}},"13":{"start":{"line":66,"column":4},"end":{"line":66,"column":50}},"14":{"start":{"line":71,"column":4},"end":{"line":71,"column":42}},"15":{"start":{"line":76,"column":4},"end":{"line":76,"column":71}},"16":{"start":{"line":81,"column":4},"end":{"line":81,"column":71}},"17":{"start":{"line":23,"column":13},"end":{"line":23,"column":28}},"18":{"start":{"line":27,"column":2},"end":{"line":29,"column":null}},"19":{"start":{"line":51,"column":8},"end":{"line":67,"column":null}},"20":{"start":{"line":70,"column":2},"end":{"line":72,"column":null}},"21":{"start":{"line":75,"column":2},"end":{"line":77,"column":null}},"22":{"start":{"line":80,"column":2},"end":{"line":82,"column":null}},"23":{"start":{"line":23,"column":13},"end":{"line":83,"column":null}}},"fnMap":{"0":{"name":"(anonymous_4)","decl":{"start":{"line":24,"column":2},"end":{"line":24,"column":31}},"loc":{"start":{"line":24,"column":57},"end":{"line":24,"column":61}}},"1":{"name":"(anonymous_5)","decl":{"start":{"line":27,"column":2},"end":{"line":27,"column":8}},"loc":{"start":{"line":27,"column":45},"end":{"line":29,"column":3}}},"2":{"name":"(anonymous_6)","decl":{"start":{"line":51,"column":2},"end":{"line":51,"column":7}},"loc":{"start":{"line":55,"column":34},"end":{"line":67,"column":3}}},"3":{"name":"(anonymous_7)","decl":{"start":{"line":70,"column":2},"end":{"line":70,"column":9}},"loc":{"start":{"line":70,"column":33},"end":{"line":72,"column":3}}},"4":{"name":"(anonymous_8)","decl":{"start":{"line":75,"column":2},"end":{"line":75,"column":8}},"loc":{"start":{"line":75,"column":70},"end":{"line":77,"column":3}}},"5":{"name":"(anonymous_9)","decl":{"start":{"line":80,"column":2},"end":{"line":80,"column":8}},"loc":{"start":{"line":80,"column":32},"end":{"line":82,"column":3}}}},"branchMap":{},"s":{"0":0,"1":0,"2":0,"3":0,"4":0,"5":0,"6":0,"7":0,"8":0,"9":0,"10":0,"11":0,"12":0,"13":0,"14":0,"15":0,"16":0,"17":0,"18":0,"19":0,"20":0,"21":0,"22":0,"23":0},"f":{"0":0,"1":0,"2":0,"3":0,"4":0,"5":0},"b":{}}
,"/home/vongo/Dev/wakfu-build/server/src/modules/items/items.module.ts": {"path":"/home/vongo/Dev/wakfu-build/server/src/modules/items/items.module.ts","statementMap":{"0":{"start":{"line":1,"column":0},"end":{"line":1,"column":40}},"1":{"start":{"line":2,"column":0},"end":{"line":2,"column":47}},"2":{"start":{"line":3,"column":0},"end":{"line":3,"column":53}},"3":{"start":{"line":4,"column":0},"end":{"line":4,"column":57}},"4":{"start":{"line":5,"column":0},"end":{"line":5,"column":50}},"5":{"start":{"line":14,"column":7},"end":{"line":14,"column":null}},"6":{"start":{"line":14,"column":13},"end":{"line":14,"column":24}},"7":{"start":{"line":14,"column":13},"end":{"line":14,"column":null}}},"fnMap":{},"branchMap":{},"s":{"0":0,"1":0,"2":0,"3":0,"4":0,"5":0,"6":0,"7":0},"f":{},"b":{}}
,"/home/vongo/Dev/wakfu-build/server/src/modules/items/items.service.ts": {"path":"/home/vongo/Dev/wakfu-build/server/src/modules/items/items.service.ts","statementMap":{"0":{"start":{"line":1,"column":0},"end":{"line":1,"column":44}},"1":{"start":{"line":2,"column":0},"end":{"line":2,"column":59}},"2":{"start":{"line":3,"column":0},"end":{"line":3,"column":44}},"3":{"start":{"line":4,"column":0},"end":{"line":4,"column":47}},"4":{"start":{"line":6,"column":0},"end":{"line":6,"column":52}},"5":{"start":{"line":9,"column":0},"end":{"line":9,"column":67}},"6":{"start":{"line":10,"column":0},"end":{"line":10,"column":79}},"7":{"start":{"line":11,"column":0},"end":{"line":11,"column":88}},"8":{"start":{"line":14,"column":7},"end":{"line":68,"column":null}},"9":{"start":{"line":16,"column":45},"end":{"line":16,"column":56}},"10":{"start":{"line":23,"column":25},"end":{"line":25,"column":null}},"11":{"start":{"line":27,"column":42},"end":{"line":27,"column":54}},"12":{"start":{"line":29,"column":33},"end":{"line":29,"column":71}},"13":{"start":{"line":30,"column":43},"end":{"line":30,"column":63}},"14":{"start":{"line":33,"column":33},"end":{"line":33,"column":72}},"15":{"start":{"line":34,"column":22},"end":{"line":34,"column":61}},"16":{"start":{"line":35,"column":19},"end":{"line":37,"column":6}},"17":{"start":{"line":38,"column":4},"end":{"line":40,"column":5}},"18":{"start":{"line":39,"column":6},"end":{"line":39,"column":67}},"19":{"start":{"line":41,"column":23},"end":{"line":48,"column":6}},"20":{"start":{"line":50,"column":29},"end":{"line":50,"column":66}},"21":{"start":{"line":51,"column":27},"end":{"line":56,"column":13}},"22":{"start":{"line":57,"column":33},"end":{"line":60,"column":6}},"23":{"start":{"line":61,"column":26},"end":{"line":61,"column":79}},"24":{"start":{"line":61,"column":48},"end":{"line":61,"column":78}},"25":{"start":{"line":62,"column":4},"end":{"line":62,"column":60}},"26":{"start":{"line":66,"column":4},"end":{"line":66,"column":47}},"27":{"start":{"line":14,"column":13},"end":{"line":14,"column":25}},"28":{"start":{"line":14,"column":13},"end":{"line":68,"column":null}}},"fnMap":{"0":{"name":"(anonymous_4)","decl":{"start":{"line":15,"column":2},"end":{"line":15,"column":null}},"loc":{"start":{"line":16,"column":75},"end":{"line":17,"column":6}}},"1":{"name":"(anonymous_5)","decl":{"start":{"line":19,"column":2},"end":{"line":19,"column":7}},"loc":{"start":{"line":21,"column":34},"end":{"line":63,"column":3}}},"2":{"name":"(anonymous_6)","decl":{"start":{"line":61,"column":38},"end":{"line":61,"column":39}},"loc":{"start":{"line":61,"column":48},"end":{"line":61,"column":78}}},"3":{"name":"(anonymous_7)","decl":{"start":{"line":65,"column":2},"end":{"line":65,"column":9}},"loc":{"start":{"line":65,"column":20},"end":{"line":67,"column":3}}}},"branchMap":{"0":{"loc":{"start":{"line":33,"column":33},"end":{"line":33,"column":72}},"type":"cond-expr","locations":[{"start":{"line":33,"column":66},"end":{"line":33,"column":68}},{"start":{"line":33,"column":71},"end":{"line":33,"column":72}}]},"1":{"loc":{"start":{"line":34,"column":22},"end":{"line":34,"column":61}},"type":"cond-expr","locations":[{"start":{"line":34,"column":32},"end":{"line":34,"column":56}},{"start":{"line":34,"column":59},"end":{"line":34,"column":61}}]},"2":{"loc":{"start":{"line":38,"column":4},"end":{"line":40,"column":5}},"type":"if","locations":[{"start":{"line":38,"column":4},"end":{"line":40,"column":5}}]}},"s":{"0":0,"1":0,"2":0,"3":0,"4":0,"5":0,"6":0,"7":0,"8":0,"9":0,"10":0,"11":0,"12":0,"13":0,"14":0,"15":0,"16":0,"17":0,"18":0,"19":0,"20":0,"21":0,"22":0,"23":0,"24":0,"25":0,"26":0,"27":0,"28":0},"f":{"0":0,"1":0,"2":0,"3":0},"b":{"0":[0,0],"1":[0,0],"2":[0]}}
,"/home/vongo/Dev/wakfu-build/server/src/modules/items/dto/create-item.dto.ts": {"path":"/home/vongo/Dev/wakfu-build/server/src/modules/items/dto/create-item.dto.ts","statementMap":{"0":{"start":{"line":1,"column":0},"end":{"line":1,"column":13}}},"fnMap":{},"branchMap":{},"s":{"0":0},"f":{},"b":{}}
,"/home/vongo/Dev/wakfu-build/server/src/modules/items/dto/retrieve-item.dto.ts": {"path":"/home/vongo/Dev/wakfu-build/server/src/modules/items/dto/retrieve-item.dto.ts","statementMap":{"0":{"start":{"line":1,"column":0},"end":{"line":1,"column":46}},"1":{"start":{"line":5,"column":2},"end":{"line":5,"column":null}},"2":{"start":{"line":8,"column":2},"end":{"line":8,"column":null}},"3":{"start":{"line":11,"column":0},"end":{"line":11,"column":13}},"4":{"start":{"line":13,"column":2},"end":{"line":13,"column":null}},"5":{"start":{"line":16,"column":2},"end":{"line":16,"column":null}},"6":{"start":{"line":19,"column":2},"end":{"line":19,"column":null}},"7":{"start":{"line":22,"column":2},"end":{"line":22,"column":null}}},"fnMap":{},"branchMap":{},"s":{"0":0,"1":0,"2":0,"3":0,"4":0,"5":0,"6":0,"7":0},"f":{},"b":{}}
,"/home/vongo/Dev/wakfu-build/server/src/modules/items/dto/update-item.dto.ts": {"path":"/home/vongo/Dev/wakfu-build/server/src/modules/items/dto/update-item.dto.ts","statementMap":{"0":{"start":{"line":1,"column":0},"end":{"line":1,"column":51}},"1":{"start":{"line":2,"column":0},"end":{"line":2,"column":50}},"2":{"start":{"line":4,"column":0},"end":{"line":4,"column":13}}},"fnMap":{},"branchMap":{},"s":{"0":0,"1":0,"2":0},"f":{},"b":{}}
,"/home/vongo/Dev/wakfu-build/server/src/modules/items/filters/retrieve-item.filter.ts": {"path":"/home/vongo/Dev/wakfu-build/server/src/modules/items/filters/retrieve-item.filter.ts","statementMap":{"0":{"start":{"line":1,"column":0},"end":{"line":1,"column":46}},"1":{"start":{"line":3,"column":0},"end":{"line":3,"column":13}},"2":{"start":{"line":5,"column":2},"end":{"line":5,"column":null}},"3":{"start":{"line":8,"column":2},"end":{"line":8,"column":null}},"4":{"start":{"line":11,"column":2},"end":{"line":11,"column":null}}},"fnMap":{},"branchMap":{},"s":{"0":0,"1":0,"2":0,"3":0,"4":0},"f":{},"b":{}}
,"/home/vongo/Dev/wakfu-build/server/src/modules/items/mappings/item-mapper.ts": {"path":"/home/vongo/Dev/wakfu-build/server/src/modules/items/mappings/item-mapper.ts","statementMap":{"0":{"start":{"line":6,"column":4},"end":{"line":14,"column":6}},"1":{"start":{"line":4,"column":0},"end":{"line":4,"column":13}}},"fnMap":{"0":{"name":"(anonymous_0)","decl":{"start":{"line":5,"column":2},"end":{"line":5,"column":8}},"loc":{"start":{"line":5,"column":45},"end":{"line":15,"column":3}}}},"branchMap":{},"s":{"0":0,"1":0},"f":{"0":0},"b":{}}
,"/home/vongo/Dev/wakfu-build/server/src/modules/items/schemas/item.schema.ts": {"path":"/home/vongo/Dev/wakfu-build/server/src/modules/items/schemas/item.schema.ts","statementMap":{"0":{"start":{"line":1,"column":0},"end":{"line":1,"column":63}},"1":{"start":{"line":8,"column":0},"end":{"line":26,"column":null}},"2":{"start":{"line":10,"column":2},"end":{"line":10,"column":null}},"3":{"start":{"line":13,"column":2},"end":{"line":13,"column":null}},"4":{"start":{"line":16,"column":2},"end":{"line":16,"column":null}},"5":{"start":{"line":19,"column":2},"end":{"line":19,"column":null}},"6":{"start":{"line":22,"column":2},"end":{"line":22,"column":null}},"7":{"start":{"line":25,"column":2},"end":{"line":25,"column":null}},"8":{"start":{"line":8,"column":6},"end":{"line":26,"column":null}},"9":{"start":{"line":30,"column":0},"end":{"line":60,"column":null}},"10":{"start":{"line":32,"column":2},"end":{"line":32,"column":null}},"11":{"start":{"line":35,"column":2},"end":{"line":35,"column":null}},"12":{"start":{"line":38,"column":2},"end":{"line":38,"column":null}},"13":{"start":{"line":41,"column":2},"end":{"line":41,"column":null}},"14":{"start":{"line":44,"column":2},"end":{"line":44,"column":null}},"15":{"start":{"line":47,"column":2},"end":{"line":47,"column":null}},"16":{"start":{"line":50,"column":2},"end":{"line":50,"column":null}},"17":{"start":{"line":53,"column":2},"end":{"line":53,"column":null}},"18":{"start":{"line":56,"column":2},"end":{"line":56,"column":null}},"19":{"start":{"line":59,"column":2},"end":{"line":59,"column":null}},"20":{"start":{"line":30,"column":6},"end":{"line":60,"column":null}},"21":{"start":{"line":64,"column":0},"end":{"line":70,"column":null}},"22":{"start":{"line":66,"column":2},"end":{"line":66,"column":null}},"23":{"start":{"line":69,"column":2},"end":{"line":69,"column":null}},"24":{"start":{"line":64,"column":6},"end":{"line":70,"column":null}},"25":{"start":{"line":74,"column":0},"end":{"line":89,"column":null}},"26":{"start":{"line":76,"column":2},"end":{"line":76,"column":null}},"27":{"start":{"line":79,"column":2},"end":{"line":79,"column":null}},"28":{"start":{"line":82,"column":2},"end":{"line":82,"column":null}},"29":{"start":{"line":85,"column":2},"end":{"line":85,"column":null}},"30":{"start":{"line":88,"column":2},"end":{"line":88,"column":null}},"31":{"start":{"line":74,"column":6},"end":{"line":89,"column":null}},"32":{"start":{"line":93,"column":0},"end":{"line":96,"column":null}},"33":{"start":{"line":95,"column":2},"end":{"line":95,"column":null}},"34":{"start":{"line":93,"column":6},"end":{"line":96,"column":null}},"35":{"start":{"line":99,"column":0},"end":{"line":114,"column":null}},"36":{"start":{"line":101,"column":2},"end":{"line":101,"column":null}},"37":{"start":{"line":104,"column":2},"end":{"line":104,"column":null}},"38":{"start":{"line":107,"column":2},"end":{"line":107,"column":null}},"39":{"start":{"line":110,"column":2},"end":{"line":110,"column":null}},"40":{"start":{"line":113,"column":2},"end":{"line":113,"column":null}},"41":{"start":{"line":99,"column":6},"end":{"line":114,"column":null}},"42":{"start":{"line":117,"column":0},"end":{"line":129,"column":null}},"43":{"start":{"line":119,"column":2},"end":{"line":119,"column":null}},"44":{"start":{"line":122,"column":2},"end":{"line":122,"column":null}},"45":{"start":{"line":125,"column":2},"end":{"line":125,"column":null}},"46":{"start":{"line":128,"column":2},"end":{"line":128,"column":null}},"47":{"start":{"line":117,"column":6},"end":{"line":129,"column":null}},"48":{"start":{"line":133,"column":7},"end":{"line":141,"column":null}},"49":{"start":{"line":133,"column":13},"end":{"line":133,"column":17}},"50":{"start":{"line":137,"column":2},"end":{"line":137,"column":33}},"51":{"start":{"line":140,"column":2},"end":{"line":140,"column":39}},"52":{"start":{"line":133,"column":13},"end":{"line":141,"column":null}},"53":{"start":{"line":143,"column":13},"end":{"line":143,"column":61}}},"fnMap":{},"branchMap":{},"s":{"0":0,"1":0,"2":0,"3":0,"4":0,"5":0,"6":0,"7":0,"8":0,"9":0,"10":0,"11":0,"12":0,"13":0,"14":0,"15":0,"16":0,"17":0,"18":0,"19":0,"20":0,"21":0,"22":0,"23":0,"24":0,"25":0,"26":0,"27":0,"28":0,"29":0,"30":0,"31":0,"32":0,"33":0,"34":0,"35":0,"36":0,"37":0,"38":0,"39":0,"40":0,"41":0,"42":0,"43":0,"44":0,"45":0,"46":0,"47":0,"48":0,"49":0,"50":0,"51":0,"52":0,"53":0},"f":{},"b":{}}
,"/home/vongo/Dev/wakfu-build/server/src/modules/items/validations/items.validation.ts": {"path":"/home/vongo/Dev/wakfu-build/server/src/modules/items/validations/items.validation.ts","statementMap":{"0":{"start":{"line":1,"column":0},"end":{"line":1,"column":24}},"1":{"start":{"line":3,"column":25},"end":{"line":3,"column":57}},"2":{"start":{"line":5,"column":13},"end":{"line":8,"column":3}}},"fnMap":{},"branchMap":{},"s":{"0":0,"1":0,"2":0},"f":{},"b":{}}
}
